# JRE version: OpenJDK Runtime Environment (8.0_212-b04) (build 1.8.0_212-release-1586-b04)
# Java VM: OpenJDK 64-Bit Server VM (25.212-b04 mixed mode windows-amd64 compressed oops)
Heap:
 PSYoungGen      total 209920K, used 163074K [0x00000000e0000000, 0x00000000f0000000, 0x0000000100000000)
  eden space 172544K, 83% used [0x00000000e0000000,0x00000000e8d66948,0x00000000ea880000)
  from space 37376K, 48% used [0x00000000ea880000,0x00000000eba5a120,0x00000000ecd00000)
  to   space 36352K, 0% used [0x00000000edc80000,0x00000000edc80000,0x00000000f0000000)
 ParOldGen       total 116736K, used 78907K [0x00000000a0000000, 0x00000000a7200000, 0x00000000e0000000)
  object space 116736K, 67% used [0x00000000a0000000,0x00000000a4d0ec20,0x00000000a7200000)
 Metaspace       used 95250K, capacity 98429K, committed 98600K, reserved 1134592K
  class space    used 12234K, capacity 12971K, committed 13096K, reserved 1048576K
GC Heap History (10 events):
Event: 71.179 GC heap before
{Heap before GC invocations=18 (full 3):
 PSYoungGen      total 154624K, used 140288K [0x00000000e0000000, 0x00000000ea980000, 0x0000000100000000)
  eden space 140288K, 100% used [0x00000000e0000000,0x00000000e8900000,0x00000000e8900000)
  from space 14336K, 0% used [0x00000000e9880000,0x00000000e9880000,0x00000000ea680000)
  to   space 15872K, 0% used [0x00000000e8900000,0x00000000e8900000,0x00000000e9880000)
 ParOldGen       total 116736K, used 33537K [0x00000000a0000000, 0x00000000a7200000, 0x00000000e0000000)
  object space 116736K, 28% used [0x00000000a0000000,0x00000000a20c0538,0x00000000a7200000)
 Metaspace       used 65374K, capacity 67296K, committed 67496K, reserved 1107968K
  class space    used 8826K, capacity 9327K, committed 9384K, reserved 1048576K
Event: 71.204 GC heap after
Heap after GC invocations=18 (full 3):
 PSYoungGen      total 156160K, used 13813K [0x00000000e0000000, 0x00000000ec680000, 0x0000000100000000)
  eden space 140288K, 0% used [0x00000000e0000000,0x00000000e0000000,0x00000000e8900000)
  from space 15872K, 87% used [0x00000000e8900000,0x00000000e967d758,0x00000000e9880000)
  to   space 16896K, 0% used [0x00000000eb600000,0x00000000eb600000,0x00000000ec680000)
 ParOldGen       total 116736K, used 33545K [0x00000000a0000000, 0x00000000a7200000, 0x00000000e0000000)
  object space 116736K, 28% used [0x00000000a0000000,0x00000000a20c2538,0x00000000a7200000)
 Metaspace       used 65374K, capacity 67296K, committed 67496K, reserved 1107968K
  class space    used 8826K, capacity 9327K, committed 9384K, reserved 1048576K
}
Event: 79.732 GC heap before
{Heap before GC invocations=19 (full 3):
 PSYoungGen      total 156160K, used 154101K [0x00000000e0000000, 0x00000000ec680000, 0x0000000100000000)
  eden space 140288K, 100% used [0x00000000e0000000,0x00000000e8900000,0x00000000e8900000)
  from space 15872K, 87% used [0x00000000e8900000,0x00000000e967d758,0x00000000e9880000)
  to   space 16896K, 0% used [0x00000000eb600000,0x00000000eb600000,0x00000000ec680000)
 ParOldGen       total 116736K, used 33545K [0x00000000a0000000, 0x00000000a7200000, 0x00000000e0000000)
  object space 116736K, 28% used [0x00000000a0000000,0x00000000a20c2538,0x00000000a7200000)
 Metaspace       used 72552K, capacity 74879K, committed 75048K, reserved 1114112K
  class space    used 9668K, capacity 10214K, committed 10280K, reserved 1048576K
Event: 79.791 GC heap after
Heap after GC invocations=19 (full 3):
 PSYoungGen      total 182272K, used 16882K [0x00000000e0000000, 0x00000000ecd00000, 0x0000000100000000)
  eden space 165376K, 0% used [0x00000000e0000000,0x00000000e0000000,0x00000000ea180000)
  from space 16896K, 99% used [0x00000000eb600000,0x00000000ec67c9b0,0x00000000ec680000)
  to   space 20992K, 0% used [0x00000000ea180000,0x00000000ea180000,0x00000000eb600000)
 ParOldGen       total 116736K, used 38868K [0x00000000a0000000, 0x00000000a7200000, 0x00000000e0000000)
  object space 116736K, 33% used [0x00000000a0000000,0x00000000a25f5208,0x00000000a7200000)
 Metaspace       used 72552K, capacity 74879K, committed 75048K, reserved 1114112K
  class space    used 9668K, capacity 10214K, committed 10280K, reserved 1048576K
}
Event: 532.289 GC heap before
{Heap before GC invocations=20 (full 3):
 PSYoungGen      total 182272K, used 182258K [0x00000000e0000000, 0x00000000ecd00000, 0x0000000100000000)
  eden space 165376K, 100% used [0x00000000e0000000,0x00000000ea180000,0x00000000ea180000)
  from space 16896K, 99% used [0x00000000eb600000,0x00000000ec67c9b0,0x00000000ec680000)
  to   space 20992K, 0% used [0x00000000ea180000,0x00000000ea180000,0x00000000eb600000)
 ParOldGen       total 116736K, used 38868K [0x00000000a0000000, 0x00000000a7200000, 0x00000000e0000000)
  object space 116736K, 33% used [0x00000000a0000000,0x00000000a25f5208,0x00000000a7200000)
 Metaspace       used 78800K, capacity 81595K, committed 81704K, reserved 1120256K
  class space    used 10288K, capacity 10964K, committed 11048K, reserved 1048576K
Event: 532.374 GC heap after
Heap after GC invocations=20 (full 3):
 PSYoungGen      total 186368K, used 20982K [0x00000000e0000000, 0x00000000ee700000, 0x0000000100000000)
  eden space 165376K, 0% used [0x00000000e0000000,0x00000000e0000000,0x00000000ea180000)
  from space 20992K, 99% used [0x00000000ea180000,0x00000000eb5fd9e0,0x00000000eb600000)
  to   space 26624K, 0% used [0x00000000ecd00000,0x00000000ecd00000,0x00000000ee700000)
 ParOldGen       total 116736K, used 45868K [0x00000000a0000000, 0x00000000a7200000, 0x00000000e0000000)
  object space 116736K, 39% used [0x00000000a0000000,0x00000000a2ccb390,0x00000000a7200000)
 Metaspace       used 78800K, capacity 81595K, committed 81704K, reserved 1120256K
  class space    used 10288K, capacity 10964K, committed 11048K, reserved 1048576K
}
Event: 540.905 GC heap before
{Heap before GC invocations=21 (full 3):
 PSYoungGen      total 186368K, used 186358K [0x00000000e0000000, 0x00000000ee700000, 0x0000000100000000)
  eden space 165376K, 100% used [0x00000000e0000000,0x00000000ea180000,0x00000000ea180000)
  from space 20992K, 99% used [0x00000000ea180000,0x00000000eb5fd9e0,0x00000000eb600000)
  to   space 26624K, 0% used [0x00000000ecd00000,0x00000000ecd00000,0x00000000ee700000)
 ParOldGen       total 116736K, used 45868K [0x00000000a0000000, 0x00000000a7200000, 0x00000000e0000000)
  object space 116736K, 39% used [0x00000000a0000000,0x00000000a2ccb390,0x00000000a7200000)
 Metaspace       used 83213K, capacity 86009K, committed 86312K, reserved 1124352K
  class space    used 10808K, capacity 11467K, committed 11560K, reserved 1048576K
Event: 540.977 GC heap after
Heap after GC invocations=21 (full 3):
 PSYoungGen      total 199168K, used 26606K [0x00000000e0000000, 0x00000000efd00000, 0x0000000100000000)
  eden space 172544K, 0% used [0x00000000e0000000,0x00000000e0000000,0x00000000ea880000)
  from space 26624K, 99% used [0x00000000ecd00000,0x00000000ee6fb9b8,0x00000000ee700000)
  to   space 37376K, 0% used [0x00000000ea880000,0x00000000ea880000,0x00000000ecd00000)
 ParOldGen       total 116736K, used 64538K [0x00000000a0000000, 0x00000000a7200000, 0x00000000e0000000)
  object space 116736K, 55% used [0x00000000a0000000,0x00000000a3f06ae0,0x00000000a7200000)
 Metaspace       used 83213K, capacity 86009K, committed 86312K, reserved 1124352K
  class space    used 10808K, capacity 11467K, committed 11560K, reserved 1048576K
}
Event: 595.021 GC heap before
{Heap before GC invocations=22 (full 3):
 PSYoungGen      total 199168K, used 199150K [0x00000000e0000000, 0x00000000efd00000, 0x0000000100000000)
  eden space 172544K, 100% used [0x00000000e0000000,0x00000000ea880000,0x00000000ea880000)
  from space 26624K, 99% used [0x00000000ecd00000,0x00000000ee6fb9b8,0x00000000ee700000)
  to   space 37376K, 0% used [0x00000000ea880000,0x00000000ea880000,0x00000000ecd00000)
 ParOldGen       total 116736K, used 64538K [0x00000000a0000000, 0x00000000a7200000, 0x00000000e0000000)
  object space 116736K, 55% used [0x00000000a0000000,0x00000000a3f06ae0,0x00000000a7200000)
 Metaspace       used 86679K, capacity 89551K, committed 89768K, reserved 1126400K
  class space    used 11212K, capacity 11908K, committed 11944K, reserved 1048576K
Event: 595.165 GC heap after
Heap after GC invocations=22 (full 3):
 PSYoungGen      total 209920K, used 18280K [0x00000000e0000000, 0x00000000f0000000, 0x0000000100000000)
  eden space 172544K, 0% used [0x00000000e0000000,0x00000000e0000000,0x00000000ea880000)
  from space 37376K, 48% used [0x00000000ea880000,0x00000000eba5a120,0x00000000ecd00000)
  to   space 36352K, 0% used [0x00000000edc80000,0x00000000edc80000,0x00000000f0000000)
 ParOldGen       total 116736K, used 78907K [0x00000000a0000000, 0x00000000a7200000, 0x00000000e0000000)
  object space 116736K, 67% used [0x00000000a0000000,0x00000000a4d0ec20,0x00000000a7200000)
 Metaspace       used 86679K, capacity 89551K, committed 89768K, reserved 1126400K
  class space    used 11212K, capacity 11908K, committed 11944K, reserved 1048576K
}

